<?xml version="1.0" encoding="UTF-8"?>
<!-- Generated by org.testng.reporters.JUnitReportReporter -->
<testsuite skipped="0" hostname="LAPTOP-6KM249G0" name="util.BrowserFactory" tests="1" failures="0" timestamp="2022-02-05T16:34:55 EST" time="5.648" errors="0">
  <testcase name="init" time="5.648" classname="util.BrowserFactory"/>
  <system-out/>
</testsuite> <!-- util.BrowserFactory -->
