<?xml version="1.0" encoding="UTF-8"?>
<!-- Generated by org.testng.reporters.JUnitReportReporter -->
<testsuite skipped="0" hostname="LAPTOP-6KM249G0" name="test.loginTest" tests="1" failures="0" timestamp="2022-02-06T15:47:56 EST" time="8.665" errors="0">
  <testcase name="validUserShouldBeAbleToLoginTest" time="8.665" classname="test.loginTest"/>
  <system-out/>
</testsuite> <!-- test.loginTest -->
